
/dev/rdisk1s1: fsck_apfs started at Sat Dec  3 23:20:43 2022
/dev/rdisk1s1: ** QUICKCHECK ONLY; FILESYSTEM CLEAN
/dev/rdisk1s1: fsck_apfs completed at Sat Dec  3 23:20:43 2022


/dev/rdisk1s2: fsck_apfs started at Sat Dec  3 23:20:43 2022
/dev/rdisk1s2: error: container /dev/rdisk1 is mounted with write access; please re-run with -l.
/dev/rdisk1s2: fsck_apfs completed at Sat Dec  3 23:20:43 2022


/dev/rdisk1s3: fsck_apfs started at Sat Dec  3 23:20:43 2022
/dev/rdisk1s3: error: container /dev/rdisk1 is mounted with write access; please re-run with -l.
/dev/rdisk1s3: fsck_apfs completed at Sat Dec  3 23:20:43 2022


/dev/rdisk1s4: fsck_apfs started at Sat Dec  3 23:20:43 2022
/dev/rdisk1s4: ** QUICKCHECK ONLY; FILESYSTEM CLEAN
/dev/rdisk1s4: fsck_apfs completed at Sat Dec  3 23:20:43 2022


/dev/rdisk1s5: fsck_apfs started at Sat Dec  3 23:20:43 2022
/dev/rdisk1s5: error: container /dev/rdisk1 is mounted with write access; please re-run with -l.
/dev/rdisk1s5: fsck_apfs completed at Sat Dec  3 23:20:43 2022


/dev/rdisk1s6: fsck_apfs started at Sat Dec  3 23:20:43 2022
/dev/rdisk1s6: error: container /dev/rdisk1 is mounted with write access; please re-run with -l.
/dev/rdisk1s6: fsck_apfs completed at Sat Dec  3 23:20:43 2022


/dev/rdisk1s1s1: fsck_apfs started at Sat Dec  3 23:20:43 2022
/dev/rdisk1s1s1: ** QUICKCHECK ONLY; FILESYSTEM CLEAN
/dev/rdisk1s1s1: fsck_apfs completed at Sat Dec  3 23:20:44 2022


/dev/rdisk1s4: fsck_apfs started at Sat Dec  3 23:05:58 2022
/dev/rdisk1s4: ** QUICKCHECK ONLY; FILESYSTEM CLEAN
/dev/rdisk1s4: fsck_apfs completed at Sat Dec  3 23:05:58 2022


/dev/rdisk1s1: fsck_apfs started at Sun Dec  4 20:42:47 2022
/dev/rdisk1s1: ** QUICKCHECK ONLY; FILESYSTEM CLEAN
/dev/rdisk1s1: fsck_apfs completed at Sun Dec  4 20:42:47 2022


/dev/rdisk1s2: fsck_apfs started at Sun Dec  4 20:42:47 2022
/dev/rdisk1s2: error: container /dev/rdisk1 is mounted with write access; please re-run with -l.
/dev/rdisk1s2: fsck_apfs completed at Sun Dec  4 20:42:47 2022


/dev/rdisk1s3: fsck_apfs started at Sun Dec  4 20:42:47 2022
/dev/rdisk1s3: error: container /dev/rdisk1 is mounted with write access; please re-run with -l.
/dev/rdisk1s3: fsck_apfs completed at Sun Dec  4 20:42:47 2022


/dev/rdisk1s4: fsck_apfs started at Sun Dec  4 20:42:47 2022
/dev/rdisk1s4: ** QUICKCHECK ONLY; FILESYSTEM CLEAN
/dev/rdisk1s4: fsck_apfs completed at Sun Dec  4 20:42:47 2022


/dev/rdisk1s5: fsck_apfs started at Sun Dec  4 20:42:47 2022
/dev/rdisk1s5: error: container /dev/rdisk1 is mounted with write access; please re-run with -l.
/dev/rdisk1s5: fsck_apfs completed at Sun Dec  4 20:42:47 2022


/dev/rdisk1s6: fsck_apfs started at Sun Dec  4 20:42:47 2022
/dev/rdisk1s6: error: container /dev/rdisk1 is mounted with write access; please re-run with -l.
/dev/rdisk1s6: fsck_apfs completed at Sun Dec  4 20:42:47 2022


/dev/rdisk1s1s1: fsck_apfs started at Sun Dec  4 20:42:47 2022
/dev/rdisk1s1s1: ** QUICKCHECK ONLY; FILESYSTEM CLEAN
/dev/rdisk1s1s1: fsck_apfs completed at Sun Dec  4 20:42:47 2022


/dev/rdisk1s1: fsck_apfs started at Tue Dec 20 12:35:33 2022
/dev/rdisk1s1: ** QUICKCHECK ONLY; FILESYSTEM CLEAN
/dev/rdisk1s1: fsck_apfs completed at Tue Dec 20 12:35:33 2022


/dev/rdisk1s2: fsck_apfs started at Tue Dec 20 12:35:33 2022
/dev/rdisk1s2: error: container /dev/rdisk1 is mounted with write access; please re-run with -l.
/dev/rdisk1s2: fsck_apfs completed at Tue Dec 20 12:35:33 2022


/dev/rdisk1s3: fsck_apfs started at Tue Dec 20 12:35:33 2022
/dev/rdisk1s3: error: container /dev/rdisk1 is mounted with write access; please re-run with -l.
/dev/rdisk1s3: fsck_apfs completed at Tue Dec 20 12:35:33 2022


/dev/rdisk1s4: fsck_apfs started at Tue Dec 20 12:35:33 2022
/dev/rdisk1s4: ** QUICKCHECK ONLY; FILESYSTEM CLEAN
/dev/rdisk1s4: fsck_apfs completed at Tue Dec 20 12:35:33 2022


/dev/rdisk1s5: fsck_apfs started at Tue Dec 20 12:35:33 2022
/dev/rdisk1s5: error: container /dev/rdisk1 is mounted with write access; please re-run with -l.
/dev/rdisk1s5: fsck_apfs completed at Tue Dec 20 12:35:33 2022


/dev/rdisk1s6: fsck_apfs started at Tue Dec 20 12:35:33 2022
/dev/rdisk1s6: error: container /dev/rdisk1 is mounted with write access; please re-run with -l.
/dev/rdisk1s6: fsck_apfs completed at Tue Dec 20 12:35:33 2022


/dev/rdisk1s1s1: fsck_apfs started at Tue Dec 20 12:35:33 2022
/dev/rdisk1s1s1: ** QUICKCHECK ONLY; FILESYSTEM CLEAN
/dev/rdisk1s1s1: fsck_apfs completed at Tue Dec 20 12:35:33 2022


/dev/rdisk1s4: fsck_apfs started at Tue Dec 20 12:35:44 2022
/dev/rdisk1s4: ** QUICKCHECK ONLY; FILESYSTEM CLEAN
/dev/rdisk1s4: fsck_apfs completed at Tue Dec 20 12:35:44 2022


/dev/rdisk3s1: fsck_apfs started at Mon Jan  2 10:01:44 2023
/dev/rdisk3s1: ** Checking the container superblock.
/dev/rdisk3s1:    Checking the checkpoint with transaction ID 5.
/dev/rdisk3s1: ** Checking the object map.
/dev/rdisk3s1: ** Checking volume /dev/rdisk3s1.
/dev/rdisk3s1: ** Checking the APFS volume superblock.
/dev/rdisk3s1:    The volume PostgreSQL 15.1-1 was formatted by newfs_apfs (1677.141.1) and last modified by apfs_kext (1677.141.1).
/dev/rdisk3s1: ** QUICKCHECK ONLY; FILESYSTEM CLEAN
/dev/rdisk3s1: fsck_apfs completed at Mon Jan  2 10:01:44 2023


/dev/rdisk1s4: fsck_apfs started at Tue Jan 10 17:56:34 2023
/dev/rdisk1s4: ** QUICKCHECK ONLY; FILESYSTEM CLEAN
/dev/rdisk1s4: fsck_apfs completed at Tue Jan 10 17:56:34 2023


/dev/rdisk1s1: fsck_apfs started at Mon Jan 16 04:39:26 2023
/dev/rdisk1s1: ** QUICKCHECK ONLY; FILESYSTEM CLEAN
/dev/rdisk1s1: fsck_apfs completed at Mon Jan 16 04:39:27 2023


/dev/rdisk1s2: fsck_apfs started at Mon Jan 16 04:39:27 2023
/dev/rdisk1s2: error: container /dev/rdisk1 is mounted with write access; please re-run with -l.
/dev/rdisk1s2: fsck_apfs completed at Mon Jan 16 04:39:27 2023


/dev/rdisk1s3: fsck_apfs started at Mon Jan 16 04:39:27 2023
/dev/rdisk1s3: error: container /dev/rdisk1 is mounted with write access; please re-run with -l.
/dev/rdisk1s3: fsck_apfs completed at Mon Jan 16 04:39:27 2023


/dev/rdisk1s4: fsck_apfs started at Mon Jan 16 04:39:27 2023
/dev/rdisk1s4: ** QUICKCHECK ONLY; FILESYSTEM CLEAN
/dev/rdisk1s4: fsck_apfs completed at Mon Jan 16 04:39:27 2023


/dev/rdisk1s5: fsck_apfs started at Mon Jan 16 04:39:27 2023
/dev/rdisk1s5: error: container /dev/rdisk1 is mounted with write access; please re-run with -l.
/dev/rdisk1s5: fsck_apfs completed at Mon Jan 16 04:39:27 2023


/dev/rdisk1s6: fsck_apfs started at Mon Jan 16 04:39:27 2023
/dev/rdisk1s6: error: container /dev/rdisk1 is mounted with write access; please re-run with -l.
/dev/rdisk1s6: fsck_apfs completed at Mon Jan 16 04:39:27 2023


/dev/rdisk1s1s1: fsck_apfs started at Mon Jan 16 04:39:27 2023
/dev/rdisk1s1s1: ** QUICKCHECK ONLY; FILESYSTEM CLEAN
/dev/rdisk1s1s1: fsck_apfs completed at Mon Jan 16 04:39:27 2023


/dev/rdisk1s4: fsck_apfs started at Mon Jan 16 04:39:36 2023
/dev/rdisk1s4: ** QUICKCHECK ONLY; FILESYSTEM CLEAN
/dev/rdisk1s4: fsck_apfs completed at Mon Jan 16 04:39:36 2023


/dev/rdisk1s4: fsck_apfs started at Mon Jan 16 23:15:29 2023
/dev/rdisk1s4: ** QUICKCHECK ONLY; FILESYSTEM CLEAN
/dev/rdisk1s4: fsck_apfs completed at Mon Jan 16 23:15:29 2023


/dev/rdisk1s1: fsck_apfs started at Thu Feb 16 00:39:30 2023
/dev/rdisk1s1: ** QUICKCHECK ONLY; FILESYSTEM CLEAN
/dev/rdisk1s1: fsck_apfs completed at Thu Feb 16 00:39:30 2023


/dev/rdisk1s2: fsck_apfs started at Thu Feb 16 00:39:30 2023
/dev/rdisk1s2: error: container /dev/rdisk1 is mounted with write access; please re-run with -l.
/dev/rdisk1s2: fsck_apfs completed at Thu Feb 16 00:39:30 2023


/dev/rdisk1s3: fsck_apfs started at Thu Feb 16 00:39:30 2023
/dev/rdisk1s3: error: container /dev/rdisk1 is mounted with write access; please re-run with -l.
/dev/rdisk1s3: fsck_apfs completed at Thu Feb 16 00:39:30 2023


/dev/rdisk1s4: fsck_apfs started at Thu Feb 16 00:39:30 2023
/dev/rdisk1s4: ** QUICKCHECK ONLY; FILESYSTEM CLEAN
/dev/rdisk1s4: fsck_apfs completed at Thu Feb 16 00:39:30 2023


/dev/rdisk1s5: fsck_apfs started at Thu Feb 16 00:39:30 2023
/dev/rdisk1s5: error: container /dev/rdisk1 is mounted with write access; please re-run with -l.
/dev/rdisk1s5: fsck_apfs completed at Thu Feb 16 00:39:30 2023


/dev/rdisk1s6: fsck_apfs started at Thu Feb 16 00:39:30 2023
/dev/rdisk1s6: error: container /dev/rdisk1 is mounted with write access; please re-run with -l.
/dev/rdisk1s6: fsck_apfs completed at Thu Feb 16 00:39:30 2023


/dev/rdisk1s1s1: fsck_apfs started at Thu Feb 16 00:39:30 2023
/dev/rdisk1s1s1: ** QUICKCHECK ONLY; FILESYSTEM CLEAN
/dev/rdisk1s1s1: fsck_apfs completed at Thu Feb 16 00:39:30 2023


/dev/rdisk1s4: fsck_apfs started at Thu Feb 16 00:39:40 2023
/dev/rdisk1s4: ** QUICKCHECK ONLY; FILESYSTEM CLEAN
/dev/rdisk1s4: fsck_apfs completed at Thu Feb 16 00:39:40 2023


/dev/rdisk1s1: fsck_apfs started at Wed Mar 29 20:05:42 2023
/dev/rdisk1s1: ** QUICKCHECK ONLY; FILESYSTEM CLEAN
/dev/rdisk1s1: fsck_apfs completed at Wed Mar 29 20:05:42 2023


/dev/rdisk1s2: fsck_apfs started at Wed Mar 29 20:05:42 2023
/dev/rdisk1s2: error: container /dev/rdisk1 is mounted with write access; please re-run with -l.
/dev/rdisk1s2: fsck_apfs completed at Wed Mar 29 20:05:42 2023


/dev/rdisk1s3: fsck_apfs started at Wed Mar 29 20:05:42 2023
/dev/rdisk1s3: error: container /dev/rdisk1 is mounted with write access; please re-run with -l.
/dev/rdisk1s3: fsck_apfs completed at Wed Mar 29 20:05:42 2023


/dev/rdisk1s4: fsck_apfs started at Wed Mar 29 20:05:42 2023
/dev/rdisk1s4: ** QUICKCHECK ONLY; FILESYSTEM CLEAN
/dev/rdisk1s4: fsck_apfs completed at Wed Mar 29 20:05:43 2023


/dev/rdisk1s5: fsck_apfs started at Wed Mar 29 20:05:43 2023
/dev/rdisk1s5: error: container /dev/rdisk1 is mounted with write access; please re-run with -l.
/dev/rdisk1s5: fsck_apfs completed at Wed Mar 29 20:05:43 2023


/dev/rdisk1s6: fsck_apfs started at Wed Mar 29 20:05:43 2023
/dev/rdisk1s6: error: container /dev/rdisk1 is mounted with write access; please re-run with -l.
/dev/rdisk1s6: fsck_apfs completed at Wed Mar 29 20:05:43 2023


/dev/rdisk1s1s1: fsck_apfs started at Wed Mar 29 20:05:43 2023
/dev/rdisk1s1s1: ** QUICKCHECK ONLY; FILESYSTEM CLEAN
/dev/rdisk1s1s1: fsck_apfs completed at Wed Mar 29 20:05:43 2023


/dev/rdisk1s4: fsck_apfs started at Wed Mar 29 20:05:47 2023
/dev/rdisk1s4: ** QUICKCHECK ONLY; FILESYSTEM CLEAN
/dev/rdisk1s4: fsck_apfs completed at Wed Mar 29 20:05:47 2023

